<?xml version="1.0" encoding="UTF-8"?>
<testsuite name="com.testevr.testejava.cliente.domain.service.ClienteServiceTest" tests="5" skipped="0" failures="0" errors="0" timestamp="2025-12-16T13:20:33.396Z" hostname="yuri-bueno" time="0.422">
  <properties/>
  <testcase name="testFindAll()" classname="com.testevr.testejava.cliente.domain.service.ClienteServiceTest" time="0.371"/>
  <testcase name="testFindById()" classname="com.testevr.testejava.cliente.domain.service.ClienteServiceTest" time="0.015"/>
  <testcase name="testCreate()" classname="com.testevr.testejava.cliente.domain.service.ClienteServiceTest" time="0.008"/>
  <testcase name="testDelete()" classname="com.testevr.testejava.cliente.domain.service.ClienteServiceTest" time="0.004"/>
  <testcase name="testUpdate()" classname="com.testevr.testejava.cliente.domain.service.ClienteServiceTest" time="0.01"/>
  <system-out><![CDATA[]]></system-out>
  <system-err><![CDATA[]]></system-err>
</testsuite>
