<?xml version="1.0" encoding="UTF-8"?>
<testsuite name="com.testevr.testejava.cliente.domain.valueobject.NomeTest" tests="6" skipped="0" failures="0" errors="0" timestamp="2025-12-15T23:52:06.147Z" hostname="yuri-bueno" time="0.007">
  <properties/>
  <testcase name="testToStringENullEquals()" classname="com.testevr.testejava.cliente.domain.valueobject.NomeTest" time="0.0"/>
  <testcase name="testNomeMuitoCurto()" classname="com.testevr.testejava.cliente.domain.valueobject.NomeTest" time="0.001"/>
  <testcase name="testNomeMuitoLongo()" classname="com.testevr.testejava.cliente.domain.valueobject.NomeTest" time="0.001"/>
  <testcase name="testNomeValido()" classname="com.testevr.testejava.cliente.domain.valueobject.NomeTest" time="0.001"/>
  <testcase name="testNomeNuloOuVazio()" classname="com.testevr.testejava.cliente.domain.valueobject.NomeTest" time="0.001"/>
  <testcase name="testEqualsAndHashCode()" classname="com.testevr.testejava.cliente.domain.valueobject.NomeTest" time="0.001"/>
  <system-out><![CDATA[]]></system-out>
  <system-err><![CDATA[]]></system-err>
</testsuite>
