<?xml version="1.0" encoding="UTF-8"?>
<testsuite name="com.testevr.testejava.venda.external.application.dto.ErrorResponseTest" tests="12" skipped="0" failures="0" errors="0" timestamp="2025-12-15T23:52:07.405Z" hostname="yuri-bueno" time="0.013">
  <properties/>
  <testcase name="testLongMessage()" classname="com.testevr.testejava.venda.external.application.dto.ErrorResponseTest" time="0.004"/>
  <testcase name="testSetMessage()" classname="com.testevr.testejava.venda.external.application.dto.ErrorResponseTest" time="0.001"/>
  <testcase name="testNoArgsConstructor()" classname="com.testevr.testejava.venda.external.application.dto.ErrorResponseTest" time="0.001"/>
  <testcase name="testSettersAndGetters()" classname="com.testevr.testejava.venda.external.application.dto.ErrorResponseTest" time="0.001"/>
  <testcase name="testWhitespaceMessage()" classname="com.testevr.testejava.venda.external.application.dto.ErrorResponseTest" time="0.001"/>
  <testcase name="testMultipleInstances()" classname="com.testevr.testejava.venda.external.application.dto.ErrorResponseTest" time="0.0"/>
  <testcase name="testConstructorWithMessage()" classname="com.testevr.testejava.venda.external.application.dto.ErrorResponseTest" time="0.0"/>
  <testcase name="testGetMessage()" classname="com.testevr.testejava.venda.external.application.dto.ErrorResponseTest" time="0.0"/>
  <testcase name="testSpecialCharactersMessage()" classname="com.testevr.testejava.venda.external.application.dto.ErrorResponseTest" time="0.001"/>
  <testcase name="testUpdateMessage()" classname="com.testevr.testejava.venda.external.application.dto.ErrorResponseTest" time="0.001"/>
  <testcase name="testEmptyMessage()" classname="com.testevr.testejava.venda.external.application.dto.ErrorResponseTest" time="0.0"/>
  <testcase name="testNullMessage()" classname="com.testevr.testejava.venda.external.application.dto.ErrorResponseTest" time="0.0"/>
  <system-out><![CDATA[]]></system-out>
  <system-err><![CDATA[]]></system-err>
</testsuite>
