<?xml version="1.0" encoding="UTF-8"?>
<testsuite name="com.testevr.testejava.shared.domain.valueobject.IdTest" tests="4" skipped="0" failures="0" errors="0" timestamp="2025-12-15T23:52:07.099Z" hostname="yuri-bueno" time="0.013">
  <properties/>
  <testcase name="testIdNegativoOuZero()" classname="com.testevr.testejava.shared.domain.valueobject.IdTest" time="0.003"/>
  <testcase name="testIdValido()" classname="com.testevr.testejava.shared.domain.valueobject.IdTest" time="0.001"/>
  <testcase name="testEqualsAndHashCode()" classname="com.testevr.testejava.shared.domain.valueobject.IdTest" time="0.002"/>
  <testcase name="testIdNulo()" classname="com.testevr.testejava.shared.domain.valueobject.IdTest" time="0.004"/>
  <system-out><![CDATA[]]></system-out>
  <system-err><![CDATA[=== DEBUG: Tentando criar ID com valor nulo ===
  java.base/java.lang.Thread.getStackTrace(Thread.java:2193)
  com.testevr.testejava.shared.domain.valueobject.Id.<init>(Id.java:10)
  com.testevr.testejava.shared.domain.valueobject.IdTest.lambda$testIdNulo$0(IdTest.java:16)
  org.junit.jupiter.api.AssertThrows.assertThrows(AssertThrows.java:54)
  org.junit.jupiter.api.AssertThrows.assertThrows(AssertThrows.java:35)
  org.junit.jupiter.api.Assertions.assertThrows(Assertions.java:3223)
  com.testevr.testejava.shared.domain.valueobject.IdTest.testIdNulo(IdTest.java:16)
  java.base/jdk.internal.reflect.DirectMethodHandleAccessor.invoke(DirectMethodHandleAccessor.java:104)
  java.base/java.lang.reflect.Method.invoke(Method.java:565)
  org.junit.platform.commons.util.ReflectionUtils.invokeMethod(ReflectionUtils.java:701)
]]></system-err>
</testsuite>
