<?xml version="1.0" encoding="UTF-8"?>
<testsuite name="com.testevr.testejava.cliente.application.dto.ClienteDtoTest" tests="2" skipped="0" failures="0" errors="0" timestamp="2025-12-16T13:20:32.683Z" hostname="yuri-bueno" time="0.026">
  <properties/>
  <testcase name="testConstrutoresEGettersSetters()" classname="com.testevr.testejava.cliente.application.dto.ClienteDtoTest" time="0.02"/>
  <testcase name="testConstrutorVazioESettersNull()" classname="com.testevr.testejava.cliente.application.dto.ClienteDtoTest" time="0.004"/>
  <system-out><![CDATA[]]></system-out>
  <system-err><![CDATA[]]></system-err>
</testsuite>
