<?xml version="1.0" encoding="UTF-8"?>
<testsuite name="com.testevr.testejava.TestejavaApplicationTests" tests="1" skipped="0" failures="0" errors="0" timestamp="2025-12-15T23:52:05.572Z" hostname="yuri-bueno" time="0.014">
  <properties/>
  <testcase name="contextLoads()" classname="com.testevr.testejava.TestejavaApplicationTests" time="0.014"/>
  <system-out><![CDATA[20:51:56.501 [Test worker] INFO org.springframework.test.context.support.AnnotationConfigContextLoaderUtils -- Could not detect default configuration classes for test class [com.testevr.testejava.TestejavaApplicationTests]: TestejavaApplicationTests does not declare any static, non-private, non-final, nested classes annotated with @Configuration.
20:51:56.811 [Test worker] INFO org.springframework.boot.test.context.SpringBootTestContextBootstrapper -- Found @SpringBootConfiguration com.testevr.testejava.TestejavaApplication for test class com.testevr.testejava.TestejavaApplicationTests

  .   ____          _            __ _ _
 /\\ / ___'_ __ _ _(_)_ __  __ _ \ \ \ \
( ( )\___ | '_ | '_| | '_ \/ _` | \ \ \ \
 \\/  ___)| |_)| | | | | || (_| |  ) ) ) )
  '  |____| .__|_| |_|_| |_\__, | / / / /
 =========|_|==============|___/=/_/_/_/

 :: Spring Boot ::                (v4.0.0)

2025-12-15T20:51:57.532-03:00  INFO 68673 --- [testejava] [    Test worker] c.t.testejava.TestejavaApplicationTests  : Starting TestejavaApplicationTests using Java 25.0.1 with PID 68673 (started by yuri-bueno in /home/yuri-bueno/Documentos/dev/java/testevr-api)
2025-12-15T20:51:57.533-03:00  INFO 68673 --- [testejava] [    Test worker] c.t.testejava.TestejavaApplicationTests  : No active profile set, falling back to 1 default profile: "default"
2025-12-15T20:52:04.993-03:00  INFO 68673 --- [testejava] [    Test worker] org.flywaydb.core.FlywayExecutor         : Database: jdbc:postgresql://localhost:5432/testevr (PostgreSQL 16.10)
2025-12-15T20:52:05.141-03:00  INFO 68673 --- [testejava] [    Test worker] o.f.core.internal.command.DbValidate     : Successfully validated 2 migrations (execution time 00:00.101s)
2025-12-15T20:52:05.288-03:00  INFO 68673 --- [testejava] [    Test worker] o.f.core.internal.command.DbMigrate      : Current version of schema "public": 2
2025-12-15T20:52:05.294-03:00  INFO 68673 --- [testejava] [    Test worker] o.f.core.internal.command.DbMigrate      : Schema "public" is up to date. No migration necessary.
2025-12-15T20:52:05.550-03:00  INFO 68673 --- [testejava] [    Test worker] c.t.testejava.TestejavaApplicationTests  : Started TestejavaApplicationTests in 8.464 seconds (process running for 20.794)
]]></system-out>
  <system-err><![CDATA[]]></system-err>
</testsuite>
