<?xml version="1.0" encoding="UTF-8"?>
<testsuite name="com.testevr.testejava.cliente.domain.valueobject.CnpjTest" tests="4" skipped="0" failures="0" errors="0" timestamp="2025-12-16T13:20:33.824Z" hostname="yuri-bueno" time="0.027">
  <properties/>
  <testcase name="testCnpjInvalidoTamanho()" classname="com.testevr.testejava.cliente.domain.valueobject.CnpjTest" time="0.009"/>
  <testcase name="testCnpjNulo()" classname="com.testevr.testejava.cliente.domain.valueobject.CnpjTest" time="0.003"/>
  <testcase name="testCnpjValido()" classname="com.testevr.testejava.cliente.domain.valueobject.CnpjTest" time="0.002"/>
  <testcase name="testEqualsAndHashCode()" classname="com.testevr.testejava.cliente.domain.valueobject.CnpjTest" time="0.007"/>
  <system-out><![CDATA[]]></system-out>
  <system-err><![CDATA[]]></system-err>
</testsuite>
