<?xml version="1.0" encoding="UTF-8"?>
<testsuite name="com.testevr.testejava.cliente.domain.valueobject.NomeFantasiaTest" tests="6" skipped="0" failures="0" errors="0" timestamp="2025-12-16T13:20:33.861Z" hostname="yuri-bueno" time="0.029">
  <properties/>
  <testcase name="testToStringENullEquals()" classname="com.testevr.testejava.cliente.domain.valueobject.NomeFantasiaTest" time="0.002"/>
  <testcase name="testNomeFantasiaValido()" classname="com.testevr.testejava.cliente.domain.valueobject.NomeFantasiaTest" time="0.003"/>
  <testcase name="testNomeFantasiaMuitoLongo()" classname="com.testevr.testejava.cliente.domain.valueobject.NomeFantasiaTest" time="0.007"/>
  <testcase name="testNomeFantasiaVazio()" classname="com.testevr.testejava.cliente.domain.valueobject.NomeFantasiaTest" time="0.002"/>
  <testcase name="testEqualsAndHashCode()" classname="com.testevr.testejava.cliente.domain.valueobject.NomeFantasiaTest" time="0.004"/>
  <testcase name="testNomeFantasiaNulo()" classname="com.testevr.testejava.cliente.domain.valueobject.NomeFantasiaTest" time="0.002"/>
  <system-out><![CDATA[]]></system-out>
  <system-err><![CDATA[]]></system-err>
</testsuite>
