<?xml version="1.0" encoding="UTF-8"?>
<testsuite name="com.testevr.testejava.cliente.domain.valueobject.CnpjTest" tests="4" skipped="0" failures="0" errors="0" timestamp="2025-12-15T23:52:06.137Z" hostname="yuri-bueno" time="0.003">
  <properties/>
  <testcase name="testCnpjInvalidoTamanho()" classname="com.testevr.testejava.cliente.domain.valueobject.CnpjTest" time="0.001"/>
  <testcase name="testCnpjNulo()" classname="com.testevr.testejava.cliente.domain.valueobject.CnpjTest" time="0.001"/>
  <testcase name="testCnpjValido()" classname="com.testevr.testejava.cliente.domain.valueobject.CnpjTest" time="0.0"/>
  <testcase name="testEqualsAndHashCode()" classname="com.testevr.testejava.cliente.domain.valueobject.CnpjTest" time="0.0"/>
  <system-out><![CDATA[]]></system-out>
  <system-err><![CDATA[]]></system-err>
</testsuite>
