<?xml version="1.0" encoding="UTF-8"?>
<testsuite name="com.testevr.testejava.cliente.application.dto.ClienteDtoTest" tests="2" skipped="0" failures="0" errors="0" timestamp="2025-12-15T23:52:05.593Z" hostname="yuri-bueno" time="0.004">
  <properties/>
  <testcase name="testConstrutoresEGettersSetters()" classname="com.testevr.testejava.cliente.application.dto.ClienteDtoTest" time="0.002"/>
  <testcase name="testConstrutorVazioESettersNull()" classname="com.testevr.testejava.cliente.application.dto.ClienteDtoTest" time="0.001"/>
  <system-out><![CDATA[]]></system-out>
  <system-err><![CDATA[]]></system-err>
</testsuite>
