<?xml version="1.0" encoding="UTF-8"?>
<testsuite name="com.testevr.testejava.cliente.application.mapper.ClienteMapperTest" tests="5" skipped="0" failures="0" errors="0" timestamp="2025-12-16T13:20:32.713Z" hostname="yuri-bueno" time="0.028">
  <properties/>
  <testcase name="testToEntityComId()" classname="com.testevr.testejava.cliente.application.mapper.ClienteMapperTest" time="0.017"/>
  <testcase name="testToEntitySemId()" classname="com.testevr.testejava.cliente.application.mapper.ClienteMapperTest" time="0.002"/>
  <testcase name="testToDto()" classname="com.testevr.testejava.cliente.application.mapper.ClienteMapperTest" time="0.001"/>
  <testcase name="testToDtoNull()" classname="com.testevr.testejava.cliente.application.mapper.ClienteMapperTest" time="0.001"/>
  <testcase name="testToEntityNull()" classname="com.testevr.testejava.cliente.application.mapper.ClienteMapperTest" time="0.001"/>
  <system-out><![CDATA[]]></system-out>
  <system-err><![CDATA[]]></system-err>
</testsuite>
