<?xml version="1.0" encoding="UTF-8"?>
<testsuite name="com.testevr.testejava.cliente.internal.infra.web.controller.ClienteControllerTest" tests="7" skipped="0" failures="0" errors="0" timestamp="2025-12-16T13:20:35.393Z" hostname="yuri-bueno" time="0.278">
  <properties/>
  <testcase name="testCriarCliente()" classname="com.testevr.testejava.cliente.internal.infra.web.controller.ClienteControllerTest" time="0.219"/>
  <testcase name="testBuscarPorIdFound()" classname="com.testevr.testejava.cliente.internal.infra.web.controller.ClienteControllerTest" time="0.011"/>
  <testcase name="testBuscarTodos()" classname="com.testevr.testejava.cliente.internal.infra.web.controller.ClienteControllerTest" time="0.016"/>
  <testcase name="testAtualizarClienteFound()" classname="com.testevr.testejava.cliente.internal.infra.web.controller.ClienteControllerTest" time="0.009"/>
  <testcase name="testDeletar()" classname="com.testevr.testejava.cliente.internal.infra.web.controller.ClienteControllerTest" time="0.007"/>
  <testcase name="testAtualizarClienteNotFound()" classname="com.testevr.testejava.cliente.internal.infra.web.controller.ClienteControllerTest" time="0.004"/>
  <testcase name="testBuscarPorIdNotFound()" classname="com.testevr.testejava.cliente.internal.infra.web.controller.ClienteControllerTest" time="0.007"/>
  <system-out><![CDATA[]]></system-out>
  <system-err><![CDATA[]]></system-err>
</testsuite>
