<?xml version="1.0" encoding="UTF-8"?>
<testsuite name="com.testevr.testejava.venda.external.application.dto.BaixaEstoqueRequestTest" tests="13" skipped="0" failures="0" errors="0" timestamp="2025-12-16T13:20:35.999Z" hostname="yuri-bueno" time="0.024">
  <properties/>
  <testcase name="testGetId()" classname="com.testevr.testejava.venda.external.application.dto.BaixaEstoqueRequestTest" time="0.001"/>
  <testcase name="testSetId()" classname="com.testevr.testejava.venda.external.application.dto.BaixaEstoqueRequestTest" time="0.001"/>
  <testcase name="testNoArgsConstructor()" classname="com.testevr.testejava.venda.external.application.dto.BaixaEstoqueRequestTest" time="0.002"/>
  <testcase name="testGetQuantidade()" classname="com.testevr.testejava.venda.external.application.dto.BaixaEstoqueRequestTest" time="0.001"/>
  <testcase name="testSettersAndGetters()" classname="com.testevr.testejava.venda.external.application.dto.BaixaEstoqueRequestTest" time="0.001"/>
  <testcase name="testMultipleInstances()" classname="com.testevr.testejava.venda.external.application.dto.BaixaEstoqueRequestTest" time="0.001"/>
  <testcase name="testSetQuantidade()" classname="com.testevr.testejava.venda.external.application.dto.BaixaEstoqueRequestTest" time="0.0"/>
  <testcase name="testUpdateValues()" classname="com.testevr.testejava.venda.external.application.dto.BaixaEstoqueRequestTest" time="0.001"/>
  <testcase name="testNegativeQuantidade()" classname="com.testevr.testejava.venda.external.application.dto.BaixaEstoqueRequestTest" time="0.001"/>
  <testcase name="testAllArgsConstructor()" classname="com.testevr.testejava.venda.external.application.dto.BaixaEstoqueRequestTest" time="0.001"/>
  <testcase name="testNullValues()" classname="com.testevr.testejava.venda.external.application.dto.BaixaEstoqueRequestTest" time="0.001"/>
  <testcase name="testZeroQuantidade()" classname="com.testevr.testejava.venda.external.application.dto.BaixaEstoqueRequestTest" time="0.001"/>
  <testcase name="testLargeQuantidade()" classname="com.testevr.testejava.venda.external.application.dto.BaixaEstoqueRequestTest" time="0.003"/>
  <system-out><![CDATA[]]></system-out>
  <system-err><![CDATA[]]></system-err>
</testsuite>
