<?xml version="1.0" encoding="UTF-8"?>
<testsuite name="com.testevr.testejava.venda.internal.application.dto.VendaConsolidadaDtoTest" tests="28" skipped="0" failures="0" errors="0" timestamp="2025-12-15T23:52:07.611Z" hostname="yuri-bueno" time="0.035">
  <properties/>
  <testcase name="testStatusCaseSensitive()" classname="com.testevr.testejava.venda.internal.application.dto.VendaConsolidadaDtoTest" time="0.001"/>
  <testcase name="testStatusDiferentes()" classname="com.testevr.testejava.venda.internal.application.dto.VendaConsolidadaDtoTest" time="0.001"/>
  <testcase name="testStatusVazio()" classname="com.testevr.testejava.venda.internal.application.dto.VendaConsolidadaDtoTest" time="0.0"/>
  <testcase name="testGetValorTotal()" classname="com.testevr.testejava.venda.internal.application.dto.VendaConsolidadaDtoTest" time="0.001"/>
  <testcase name="testNoArgsConstructor()" classname="com.testevr.testejava.venda.internal.application.dto.VendaConsolidadaDtoTest" time="0.001"/>
  <testcase name="testGetClienteId()" classname="com.testevr.testejava.venda.internal.application.dto.VendaConsolidadaDtoTest" time="0.002"/>
  <testcase name="testSetQuantidadeVendas()" classname="com.testevr.testejava.venda.internal.application.dto.VendaConsolidadaDtoTest" time="0.001"/>
  <testcase name="testClienteIdGrande()" classname="com.testevr.testejava.venda.internal.application.dto.VendaConsolidadaDtoTest" time="0.001"/>
  <testcase name="testSettersAndGetters()" classname="com.testevr.testejava.venda.internal.application.dto.VendaConsolidadaDtoTest" time="0.004"/>
  <testcase name="testNegativeQuantidadeVendas()" classname="com.testevr.testejava.venda.internal.application.dto.VendaConsolidadaDtoTest" time="0.001"/>
  <testcase name="testSetValorTotal()" classname="com.testevr.testejava.venda.internal.application.dto.VendaConsolidadaDtoTest" time="0.001"/>
  <testcase name="testNegativeValorTotal()" classname="com.testevr.testejava.venda.internal.application.dto.VendaConsolidadaDtoTest" time="0.001"/>
  <testcase name="testMultipleInstances()" classname="com.testevr.testejava.venda.internal.application.dto.VendaConsolidadaDtoTest" time="0.001"/>
  <testcase name="testUpdateValues()" classname="com.testevr.testejava.venda.internal.application.dto.VendaConsolidadaDtoTest" time="0.001"/>
  <testcase name="testValorTotalComEscala()" classname="com.testevr.testejava.venda.internal.application.dto.VendaConsolidadaDtoTest" time="0.001"/>
  <testcase name="testAllArgsConstructor()" classname="com.testevr.testejava.venda.internal.application.dto.VendaConsolidadaDtoTest" time="0.0"/>
  <testcase name="testSetClienteId()" classname="com.testevr.testejava.venda.internal.application.dto.VendaConsolidadaDtoTest" time="0.0"/>
  <testcase name="testGetQuantidadeVendas()" classname="com.testevr.testejava.venda.internal.application.dto.VendaConsolidadaDtoTest" time="0.001"/>
  <testcase name="testZeroValorTotal()" classname="com.testevr.testejava.venda.internal.application.dto.VendaConsolidadaDtoTest" time="0.0"/>
  <testcase name="testLargeValorTotal()" classname="com.testevr.testejava.venda.internal.application.dto.VendaConsolidadaDtoTest" time="0.0"/>
  <testcase name="testSetStatus()" classname="com.testevr.testejava.venda.internal.application.dto.VendaConsolidadaDtoTest" time="0.001"/>
  <testcase name="testNullValues()" classname="com.testevr.testejava.venda.internal.application.dto.VendaConsolidadaDtoTest" time="0.0"/>
  <testcase name="testClienteIdNegativo()" classname="com.testevr.testejava.venda.internal.application.dto.VendaConsolidadaDtoTest" time="0.001"/>
  <testcase name="testLargeQuantidadeVendas()" classname="com.testevr.testejava.venda.internal.application.dto.VendaConsolidadaDtoTest" time="0.001"/>
  <testcase name="testGetStatus()" classname="com.testevr.testejava.venda.internal.application.dto.VendaConsolidadaDtoTest" time="0.0"/>
  <testcase name="testStatusComEspacos()" classname="com.testevr.testejava.venda.internal.application.dto.VendaConsolidadaDtoTest" time="0.0"/>
  <testcase name="testValorTotalPrecisao()" classname="com.testevr.testejava.venda.internal.application.dto.VendaConsolidadaDtoTest" time="0.001"/>
  <testcase name="testZeroQuantidadeVendas()" classname="com.testevr.testejava.venda.internal.application.dto.VendaConsolidadaDtoTest" time="0.0"/>
  <system-out><![CDATA[]]></system-out>
  <system-err><![CDATA[]]></system-err>
</testsuite>
