<?xml version="1.0" encoding="UTF-8"?>
<testsuite name="com.testevr.testejava.shared.infra.web.GlobalExceptionHandlerTest" tests="4" skipped="0" failures="0" errors="0" timestamp="2025-12-16T13:20:35.767Z" hostname="yuri-bueno" time="0.231">
  <properties/>
  <testcase name="testHandleValidationExceptionSemErro()" classname="com.testevr.testejava.shared.infra.web.GlobalExceptionHandlerTest" time="0.221"/>
  <testcase name="testHandleIllegalArgumentException()" classname="com.testevr.testejava.shared.infra.web.GlobalExceptionHandlerTest" time="0.003"/>
  <testcase name="testHandleGenericException()" classname="com.testevr.testejava.shared.infra.web.GlobalExceptionHandlerTest" time="0.002"/>
  <testcase name="testHandleValidationException()" classname="com.testevr.testejava.shared.infra.web.GlobalExceptionHandlerTest" time="0.003"/>
  <system-out><![CDATA[Dados inválidos
msg
Erro interno: erro generico
erro de validação
]]></system-out>
  <system-err><![CDATA[]]></system-err>
</testsuite>
