<?xml version="1.0" encoding="UTF-8"?>
<testsuite name="com.testevr.testejava.cliente.application.mapper.ClienteMapperTest" tests="6" skipped="0" failures="0" errors="0" timestamp="2025-12-15T23:52:05.599Z" hostname="yuri-bueno" time="0.41">
  <properties/>
  <testcase name="testToEntityComId()" classname="com.testevr.testejava.cliente.application.mapper.ClienteMapperTest" time="0.006"/>
  <testcase name="testToEntitySemId()" classname="com.testevr.testejava.cliente.application.mapper.ClienteMapperTest" time="0.0"/>
  <testcase name="testToDto()" classname="com.testevr.testejava.cliente.application.mapper.ClienteMapperTest" time="0.0"/>
  <testcase name="testToDtoNull()" classname="com.testevr.testejava.cliente.application.mapper.ClienteMapperTest" time="0.001"/>
  <testcase name="testMapRow()" classname="com.testevr.testejava.cliente.application.mapper.ClienteMapperTest" time="0.401"/>
  <testcase name="testToEntityNull()" classname="com.testevr.testejava.cliente.application.mapper.ClienteMapperTest" time="0.001"/>
  <system-out><![CDATA[]]></system-out>
  <system-err><![CDATA[]]></system-err>
</testsuite>
